0 info it worked if it ends with ok
1 verbose cli [ '/Users/g/.nvm/versions/node/v7.6.0/bin/node',
1 verbose cli   '/Users/g/.nvm/versions/node/v7.6.0/bin/npm',
1 verbose cli   'run',
1 verbose cli   'mod' ]
2 info using npm@4.1.2
3 info using node@v7.6.0
4 verbose run-script [ 'premod', 'mod', 'postmod' ]
5 info lifecycle Simmerjs@0.2.0~premod: Simmerjs@0.2.0
6 silly lifecycle Simmerjs@0.2.0~premod: no script for premod, continuing
7 info lifecycle Simmerjs@0.2.0~mod: Simmerjs@0.2.0
8 verbose lifecycle Simmerjs@0.2.0~mod: unsafe-perm in lifecycle true
9 verbose lifecycle Simmerjs@0.2.0~mod: PATH: /Users/g/.nvm/versions/node/v7.6.0/lib/node_modules/npm/bin/node-gyp-bin:/Volumes/ook/development/gmmorris/simmer-master/simmerjs/node_modules/.bin:/Users/g/.nvm/versions/node/v7.6.0/bin:/usr/local/bin:/usr/bin:/bin:/usr/sbin:/sbin
10 verbose lifecycle Simmerjs@0.2.0~mod: CWD: /Volumes/ook/development/gmmorris/simmer-master/simmerjs
11 silly lifecycle Simmerjs@0.2.0~mod: Args: [ '-c', 'jest-codemods ./old/simmer.js' ]
12 silly lifecycle Simmerjs@0.2.0~mod: Returned: code: 1  signal: null
13 info lifecycle Simmerjs@0.2.0~mod: Failed to exec mod script
14 verbose stack Error: Simmerjs@0.2.0 mod: `jest-codemods ./old/simmer.js`
14 verbose stack Exit status 1
14 verbose stack     at EventEmitter.<anonymous> (/Users/g/.nvm/versions/node/v7.6.0/lib/node_modules/npm/lib/utils/lifecycle.js:279:16)
14 verbose stack     at emitTwo (events.js:106:13)
14 verbose stack     at EventEmitter.emit (events.js:192:7)
14 verbose stack     at ChildProcess.<anonymous> (/Users/g/.nvm/versions/node/v7.6.0/lib/node_modules/npm/lib/utils/spawn.js:40:14)
14 verbose stack     at emitTwo (events.js:106:13)
14 verbose stack     at ChildProcess.emit (events.js:192:7)
14 verbose stack     at maybeClose (internal/child_process.js:890:16)
14 verbose stack     at Process.ChildProcess._handle.onexit (internal/child_process.js:226:5)
15 verbose pkgid Simmerjs@0.2.0
16 verbose cwd /Volumes/ook/development/gmmorris/simmer-master/simmerjs
17 error Darwin 16.4.0
18 error argv "/Users/g/.nvm/versions/node/v7.6.0/bin/node" "/Users/g/.nvm/versions/node/v7.6.0/bin/npm" "run" "mod"
19 error node v7.6.0
20 error npm  v4.1.2
21 error code ELIFECYCLE
22 error Simmerjs@0.2.0 mod: `jest-codemods ./old/simmer.js`
22 error Exit status 1
23 error Failed at the Simmerjs@0.2.0 mod script 'jest-codemods ./old/simmer.js'.
23 error Make sure you have the latest version of node.js and npm installed.
23 error If you do, this is most likely a problem with the Simmerjs package,
23 error not with npm itself.
23 error Tell the author that this fails on your system:
23 error     jest-codemods ./old/simmer.js
23 error You can get information on how to open an issue for this project with:
23 error     npm bugs Simmerjs
23 error Or if that isn't available, you can get their info via:
23 error     npm owner ls Simmerjs
23 error There is likely additional logging output above.
24 verbose exit [ 1, true ]
